2014-05-08T21:35:57.220Z     1         58 http://www.sm.ee/sites/default/files/content-editors/ESF/finantsanaluusi_vormid.xls L http://www.sm.ee/ excel #048 20140508213556681+234 sha1:C2LVXEPH6TEQROI4UA62E5U35432MVJO - content-size:58
2014-05-08T21:35:57.220Z     1         58 http://www.duokirjastus.eu/cloud/rdf/data.rdf L http://www.duokirjastus.eu/cloud/rdf/data.rdf xml #048 20140508213556681+234 sha1:C2LVXEPH6TEQROI4UA62E5U35432MVJO - content-size:58
2014     1         56 http://www.duokirjastus.eu/cloud/rdf/jsonexample.json L http://www.duokirjastus.eu/cloud/rdf/jsonexample.json json #011 20140508213556815+99 sha1:BEEOVLNXU5RXV2Q5XIGQUB6F4EJYOVIU - content-size:56
2014-05-08T21:35:57.222Z     1         51 http://193.40.10.165/SPC/Hum/SPC_14614.pdf P http://193.40.10.165/SPC/Hum/SPC_14614.pdf pdf #014 20140508213555936+192 sha1:7Z74AV4EVB3RO3TK4BBT5CMJTAX7I2YR - content-size:51
2014-05-08T21:35:57.222Z     1         52 http://www.duokirjastus.eu/cloud/rdf/tekstifail.txt L http://www.duokirjastus.eu/cloud/rdf/tekstifail.txt plain #017 20140508213556711+134 sha1:Y5GDWMGBJB67HX2OSCH42MXJK7P7HKTG - content-size:52
2014-05-08T21:35:57.222Z     1         52 http://www.duokirjastus.eu/cloud/rdf/robots.txt L http://www.duokirjastus.eu/cloud/rdf/tekstifail.txt plain #017 20140508213556711+134 sha1:Y5GDWMGBJB67HX2OSCH42MXJK7P7HKTG - content-size:52
2014-05-08T21:35:57.222Z     1         52 http://www.duokirjastus.eu/cloud/rdf/robots.txt L http://www.duokirjastus.eu/cloud/rdf/robots.txt plain #017 20140508213556711+134 sha1:Y5GDWMGBJB67HX2OSCH42MXJK7P7HKTG - content-size:52
2014-05-08T21:35:57.223Z     1         56 dns:www.pyramiidbaar.ee P http://www.pyramiidbaar.ee/ text/dns #043 20140508213556725+98 sha1:BEEOVLNXU5RXV2Q5XIGQUB6F4EJYOVIU - content-size:56
2014-05-08T21:35:57.224Z     1         49 dns:www.wavecom.ee P http://www.wavecom.ee/ text/dns #020 20140508213556742+74 sha1:EAO5Y2HNSKOYGEK4FKCW7EW4J4WVPETU - content-size:49
2014-05-08T21:35:57.225Z     1         57 dns:www.rigonda.ee P http://www.rigonda.ee/ text/dns #034 20140508213556660+92 sha1:UBDXOLAJBHLJWIY76I2L3IVPLC7OC2ZP - content-size:57
2014-05-08T21:35:57.225Z     1         58 dns:www.puitbrikett.ee P http://www.puitbrikett.ee/ text/dns #037 20140508213556173+354 sha1:DUY4VUHVSP45WEY5RBZROJTBIVG3DJBL - content-size:58
2014-05-08T21:35:57.225Z     1         48 dns:www.utu.ee P http://www.utu.ee/ text/dns #008 20140508213556581+104 sha1:WLGSO2IFX2BSIVE3NTZX42OPDBY3LBRK - content-size:48
2014-05-08T21:35:57.226Z     1         55 dns:www.latio.ee P http://www.latio.ee/ text/dns #022 20140508213556727+84 sha1:4V4RYU4J6YJKJWACS45BCFF63CSMYC7L - content-size:55
2014-05-08T21:35:57.226Z     1         59 dns:www.nrt.ee P http://www.nrt.ee/ text/dns #003 20140508213556225+241 sha1:YHJXANH3HTVXPXUU5KUEOJZL6OB7P7IK - content-size:59
2014-05-08T21:35:57.227Z     1         56 dns:www.siland.ee P http://www.siland.ee/ text/dns #002 20140508213556281+97 sha1:4XP3JOUP7ZHLWP2Q4TERI4JVRM34CYW2 - content-size:56
2014-05-08T21:35:57.227Z     1         52 dns:www.torulill.ee P http://www.torulill.ee/ text/dns #050 20140508213556190+187 sha1:GCNMCCSP7E3SMKC4VC6QNFBE3YPB5RWS - content-size:52
2014-05-08T21:35:57.228Z     1         53 dns:www.merirahu.ee P http://www.merirahu.ee/ text/dns #028 20140508213556263+105 sha1:65ORHVWDEQ2VEKVUTGSQ4TLHOMVERDEM - content-size:53
2014-05-08T21:35:57.228Z     1         53 dns:www.hugowel.ee P http://www.hugowel.ee/ text/dns #042 20140508213556301+144 sha1:TPZIYQ6DPGAKRAJS4DWZRRCO55UWW7LK - content-size:53
2014-05-08T21:35:57.228Z     1         52 dns:www.decoland.ee P http://www.decoland.ee/ text/dns #018 20140508213556251+105 sha1:C6MC7STF4Y5VOM6UVSRQPJUGXM4ALAAW - content-size:52
2014-05-08T21:35:57.228Z     1         52 dns:www.aatrium.ee P http://www.aatrium.ee/ text/dns #001 20140508213556273+155 sha1:FYAFSI5YTY4X3CFMK2QCHYBMEUBQ35ZU - content-size:52
2014-05-08T21:35:57.230Z     1         52 dns:www.esta.ee P http://www.esta.ee/ text/dns #012 20140508213556112+299 sha1:U7EX3LCYC3WT7VA4MKRGONSYMXQPFHRZ - content-size:52
2014-05-08T21:35:57.230Z     1         53 dns:www.dreamline.ee P http://www.dreamline.ee/ text/dns #038 20140508213556189+166 sha1:IZPLNCWMB2BZXXURJFZJBUN6PU5FL7FF - content-size:53
2014-05-08T21:35:57.231Z     1         53 dns:www.segakoorroom.ee P http://www.segakoorroom.ee/ text/dns #044 20140508213556233+98 sha1:CPSVQOIBWY6ULZNTC4QD3BLQN6PQZHH4 - content-size:53
2014-05-08T21:35:57.232Z     1         51 dns:www.statam.ee P http://www.statam.ee/ text/dns #039 20140508213556010+343 sha1:RR2E7KVRWWVBARNOBMPQXPKPSFMKXDKD - content-size:51
2014-05-08T21:35:57.232Z     1         62 dns:www.telemeediapartnerid.ee P http://www.telemeediapartnerid.ee/ text/dns #033 20140508213556033+286 sha1:AAUSWKKWCC4PKK4SXKWIRGYNP44CLHMV - content-size:62
2014-05-08T21:35:57.233Z     1         52 dns:www.kaunis.ee P http://www.kaunis.ee/ text/dns #041 20140508213556014+308 sha1:CBMIC7YELXCSOC3XS6BHN7JVXK5SJUNF - content-size:52
2014-05-08T21:35:57.234Z     1         56 dns:www.kasitoojaam.ee P http://www.kasitoojaam.ee/ text/dns #035 20140508213556186+129 sha1:BEEOVLNXU5RXV2Q5XIGQUB6F4EJYOVIU - content-size:56
2014-05-08T21:35:57.236Z     1         55 dns:www.vesiehitus.ee P http://www.vesiehitus.ee/ text/dns #046 20140508213556158+164 sha1:3Y5BFMVWAQQL6BRSS5UBQU35YEEIPV4B - content-size:55
2014-05-08T21:35:57.236Z     1         56 dns:www.vehklemine.ee P http://www.vehklemine.ee/ text/dns #026 20140508213556267+59 sha1:BEEOVLNXU5RXV2Q5XIGQUB6F4EJYOVIU - content-size:56
2014-05-08T21:35:57.239Z     1         50 dns:www.vitale.ee P http://www.vitale.ee/ text/dns #005 20140508213556056+274 sha1:PETY3HV2XJ6JSKXY3N3BSJ364MF2NY5A - content-size:50
2014-05-08T21:35:57.239Z     1         54 dns:www.coffeein.ee P http://www.coffeein.ee/ text/dns #029 20140508213556184+147 sha1:SLAKRV22EJJPG5WPTTACI2CWDYFJEWDZ - content-size:54
2014-05-08T21:35:57.240Z     1         54 dns:www.omaauto.ee P http://www.omaauto.ee/ text/dns #030 20140508213556136+197 sha1:LMEZF7I5J6BXGC6C3NGQC4SFY6VI3QGK - content-size:54
2014-05-08T21:35:57.240Z     1         53 dns:www.pinkshop.ee P http://www.pinkshop.ee/ text/dns #031 20140508213556211+107 sha1:XCLBOQDOSQYBOQ6RLIKRLCSWHEUIDFMA - content-size:53
2014-05-08T21:35:57.261Z     1         62 dns:www.teabeamet.ee P http://www.teabeamet.ee/ text/dns #049 20140508213556101+212 sha1:SMXEN7PSVDKZWZK2RWICJFVDMO4QCD3T - content-size:62
2014-05-08T21:35:57.261Z     1         55 dns:www.rln.ee P http://www.rln.ee/ text/dns #010 20140508213555970+192 sha1:6RMAVUJFQ6TI2SV4MZGKSKYZYOK7M4FK - content-size:55
2014-05-08T21:35:57.262Z     1         58 dns:www.toonkile.ee P http://www.toonkile.ee/ text/dns #040 20140508213556037+204 sha1:OZKTQHD5PZMPYQEGFR3EXJUD7H6GD3V5 - content-size:58
2014-05-08T21:35:57.262Z     1         59 dns:www.saueautoklubi.ee P http://www.saueautoklubi.ee/ text/dns #009 20140508213555925+268 sha1:WJMCIO3QDANIHV5DSRXG7I454UDSVP72 - content-size:59
2014-05-08T21:35:57.262Z     1         57 dns:www.veagles.ee P http://www.veagles.ee/ text/dns #047 20140508213555976+225 sha1:UKPEC67XHZIKHPREQ5KJBSVY2OVSYVUM - content-size:57
2014-05-08T21:35:57.263Z     1         57 dns:www.tartoo-tattoo.ee P http://www.tartoo-tattoo.ee/ text/dns #019 20140508213556119+100 sha1:RY5F3KQLNTDHBXSGFGAIAYSPQ5SRDNBL - content-size:57
2014-05-08T21:35:57.263Z     1         52 dns:www.tradilo.ee P http://www.tradilo.ee/ text/dns #024 20140508213556079+195 sha1:UYMRC34ZFBXZRCWDWNODETTZH7Y5WMSP - content-size:52
2014-05-08T21:35:57.264Z     1         52 dns:www.aksalis.ee P http://www.aksalis.ee/ text/dns #013 20140508213555955+275 sha1:SGFRFFMYBRI2ZMIMURNNKYKM6Z55GOFB - content-size:52
2014-05-08T21:35:57.264Z     1         53 dns:www.allecto.ee P http://www.allecto.ee/ text/dns #021 20140508213555979+301 sha1:WFK2FZUQLFFE6YQ2GZEZYQTSVK2MTSJC - content-size:53
2014-05-08T21:35:57.270Z     1         51 dns:www.dmc.ee P http://www.dmc.ee/ text/dns #045 20140508213556187+113 sha1:GNV2NQFYTHMR6L56VMXFDQ4GOOQBYMFG - content-size:51
2014-05-08T21:35:57.270Z     1         55 dns:www.krausberg.ee P http://www.krausberg.ee/ text/dns #006 20140508213556049+245 sha1:JP6DMYWGRVI7XZQHQIEBOU7MZ45VJ46B - content-size:55
2014-05-08T21:35:57.271Z     1         53 dns:www.lukk.ee P http://www.lukk.ee/ text/dns #004 20140508213555948+199 sha1:ZUYYF33NEIC7V3DRORGCVFH6WOMZUKYS - content-size:53
2014-05-08T21:35:57.276Z     1         57 dns:www.inhouse.ee P http://www.inhouse.ee/ text/dns #036 20140508213556195+97 sha1:LAGIDSO4L4LJKGUQWPVAFHGMN3MFUQAD - content-size:57
2014-05-08T21:35:57.278Z     1         50 dns:www.estanc.ee P http://www.estanc.ee/ text/dns #007 20140508213555625+601 sha1:G5K5GNBU2YMU3SB2K2IYJFSBVFMPMKYW - content-size:50
2014-05-08T21:35:57.282Z     1         51 dns:www.mentor.ee P http://www.mentor.ee/ text/dns #032 20140508213556470+105 sha1:5GVDELADZMXMYRHYZOVJY3IY57TYIKQB - content-size:51
2014-05-08T21:35:57.286Z     1         58 dns:www.taksoliit.ee P http://www.taksoliit.ee/ text/dns #027 20140508213556101+104 sha1:VHL4MJOUFOE6MWAVUEDM3PM32CVQXG66 - content-size:58
2014-05-08T21:35:57.290Z     1         58 dns:www.phpalmse.ee P http://www.phpalmse.ee/ text/dns #039 20140508213557236+53 sha1:2TSZPLQJZHAYQNYVLANRQZHBXQQBEW7A - content-size:58
2014-05-08T21:35:57.306Z     1         58 dns:www.kohimo.ee P http://www.kohimo.ee/ text/dns #028 20140508213557258+48 sha1:TG5334FOPW6PW3HF4EKWLAATRLNARXXX - content-size:58
2014-05-08T21:35:57.322Z     1         62 dns:www.westbaltimpex.ee P http://www.westbaltimpex.ee/ text/dns #020 20140508213557228+93 sha1:ZOWE4XODQSVO6QHADT2GQRGC3OEDJKSJ - content-size:62
2014-05-08T21:35:57.334Z     1         55 dns:www.katusetark.ee P http://www.katusetark.ee/ text/dns #038 20140508213557236+97 sha1:D6WGD4JE2KGAVQOQSRAKNG7IRVJSDTWR - content-size:55
2014-05-08T21:35:57.339Z     1         54 dns:www.lastetuba.ee P http://www.lastetuba.ee/ text/dns #041 20140508213557238+100 sha1:ZMWZTRF4EZT2S7CSRKU7UPQN7NQTDJPV - content-size:54
2014-05-08T21:35:57.340Z     1         53 dns:www.potipoiss.ee P http://www.potipoiss.ee/ text/dns #033 20140508213557237+102 sha1:KEGPCV4BBYOXM4CHDSS6O456U4O6HNSW - content-size:53
2014-05-08T21:35:57.341Z     1         56 dns:www.vermoland.ee P http://www.vermoland.ee/ text/dns #050 20140508213557261+80 sha1:7Y2HS7NW3KAB2JFS6TAFAC7G64FMWNFJ - content-size:56
2014-05-08T21:35:57.348Z     1         53 dns:www.kantberg.ee P http://www.kantberg.ee/ text/dns #034 20140508213557236+92 sha1:KNGL5VBUGYCJCRTLGB6WJB56QMFYZZHO - content-size:53
2014-05-08T21:35:57.358Z     1         49 dns:www.tial.ee P http://www.tial.ee/ text/dns #026 20140508213557252+105 sha1:QHLUAXG2XHTPSLCWKHATREZLTK6NDH5R - content-size:49
2014-05-08T21:35:57.358Z     1         56 dns:www.tiksoja.ee P http://www.tiksoja.ee/ text/dns #022 20140508213557262+95 sha1:XEE55BD3FPWQZQDFFONWCGKPFHKI57K3 - content-size:56
2014-05-08T21:35:57.379Z     1         51 dns:www.kus.ee P http://www.kus.ee/ text/dns #036 20140508213557338+40 sha1:YWCGUBVKSWMF7NHX2WXJPB4L2SYO5LFT - content-size:51
2014-05-08T21:35:57.379Z     1         50 dns:www.cornet.ee P http://www.cornet.ee/ text/dns #048 20140508213557235+144 sha1:V3M3LRS7KD4NRKOAF6CLP4HWHXWNO3BB - content-size:50
2014-05-08T21:35:57.380Z     1         59 dns:www.directormeedia.ee P http://www.directormeedia.ee/ text/dns #029 20140508213557251+128 sha1:6JOLNVJVHFMF7TTZBC7ZLCTBE77DVX7O - content-size:59
2014-05-08T21:35:57.381Z     1         57 dns:www.pesa24.ee P http://www.pesa24.ee/ text/dns #017 20140508213557276+105 sha1:4H7B3FAAUZAY55LVIIHCHUDXXRIEDLXH - content-size:57
2014-05-08T21:35:57.384Z     1         53 dns:www.javest.ee P http://www.javest.ee/ text/dns #014 20140508213557292+91 sha1:ZPXPJ2ZW2ZAYBFHHODZQQTVQV4MEFY2A - content-size:53
2014-05-08T21:35:57.390Z     1         50 dns:www.rodoor.ee P http://www.rodoor.ee/ text/dns #018 20140508213557254+135 sha1:DJXQULGTFMSHFSMPUMF2XYUYIF2RZR6F - content-size:50
2014-05-08T21:35:57.394Z     1         54 dns:www.dbweb.ee P http://www.dbweb.ee/ text/dns #035 20140508213557238+156 sha1:P2VZ67GPC45EM2SL2N7O5QAZP3QJPEGJ - content-size:54
2014-05-08T21:35:57.395Z     1         53 dns:www.saarepaat.ee P http://www.saarepaat.ee/ text/dns #037 20140508213557255+140 sha1:H27EZKHSOWEJWTYJQL5ASOD66UAMWZYC - content-size:53
2014-05-08T21:35:57.397Z     1         56 dns:www.throof.ee P http://www.throof.ee/ text/dns #006 20140508213557356+41 sha1:TPSPZGRJSP3HIAIUODSMVQAHHWPNDFYE - content-size:56
2014-05-08T21:35:57.402Z     1         50 dns:www.tevia.ee P http://www.tevia.ee/ text/dns #030 20140508213557256+145 sha1:5HJYTYDHV6DDKDTYWMU6Y4FBYTWWN5TD - content-size:50
2014-05-08T21:35:57.405Z     1         53 dns:www.touk.ee P http://www.touk.ee/ text/dns #009 20140508213557312+92 sha1:KLW6725UR5TQRLC73IUUESJRRUMFOUZL - content-size:53
2014-05-08T21:35:57.407Z     1         57 dns:www.gustavsberg.ee P http://www.gustavsberg.ee/ text/dns #008 20140508213557377+29 sha1:5IXMICCRMFCLYZ7WUL4M7FGJE6FX4TD6 - content-size:57
2014-05-08T21:35:57.408Z     1         55 dns:www.lobster.ee P http://www.lobster.ee/ text/dns #012 20140508213557357+50 sha1:54CXQB3AFCMC6ICIRBF4DEP2MCICMZ45 - content-size:55
2014-05-08T21:35:57.416Z     1         61 dns:www.sisustuskoda.ee P http://www.sisustuskoda.ee/ text/dns #021 20140508213557319+97 sha1:DX7H7USH44H4RJOYDPM6C7HN5I3MISI4 - content-size:61
2014-05-08T21:35:57.423Z     1         52 dns:www.jux.ee P http://www.jux.ee/ text/dns #011 20140508213557367+55 sha1:32N6SH3PRBMNLAQRHDWBSEY6MERRO54N - content-size:52
2014-05-08T21:35:57.428Z     1         51 dns:www.hotelking.ee P http://www.hotelking.ee/ text/dns #042 20140508213557348+79 sha1:C3FBLU3FSDJWU74REB7QQ2PM4BEANV3T - content-size:51
2014-05-08T21:35:57.430Z     1         56 dns:www.kebabking.ee P http://www.kebabking.ee/ text/dns #007 20140508213557352+77 sha1:G3DF5AZKFBHJU4K6Q7HSUKSZRM7N4SZR - content-size:56
2014-05-08T21:35:57.432Z     1         54 dns:www.bolero.ee P http://www.bolero.ee/ text/dns #033 20140508213557345+87 sha1:ZTUZWCKA72QPX3TUXUNCPUCYRJ32FENR - content-size:54
2014-05-08T21:35:57.434Z     1         60 dns:www.firest-consult.ee P http://www.firest-consult.ee/ text/dns #003 20140508213557291+142 sha1:MDHNSK73PO4BRFJBEQCNHN3QWK2IDSUJ - content-size:60
2014-05-08T21:35:57.440Z     1         54 dns:www.mrgsystem.ee P http://www.mrgsystem.ee/ text/dns #013 20140508213557337+103 sha1:NXZWJ6RYJBCU2NNFVSIFW42XA7ZZK53T - content-size:54
2014-05-08T21:35:57.442Z     1         65 dns:www.rakverekorvpall.ee P http://www.rakverekorvpall.ee/ text/dns #038 20140508213557346+95 sha1:262JE7OATTHIGYBTHUS6ZEXHKFP6SWYP - content-size:65
2014-05-08T21:35:57.445Z     1         56 dns:www.eipre.ee P http://www.eipre.ee/ text/dns #039 20140508213557337+107 sha1:XEE55BD3FPWQZQDFFONWCGKPFHKI57K3 - content-size:56
2014-05-08T21:35:57.446Z     1         53 dns:www.abviimistluskaubad.ee P http://www.abviimistluskaubad.ee/ text/dns #050 20140508213557348+97 sha1:66NBISRKYPM6APRW32V2ITANGJJOKXC3 - content-size:53
2014-05-08T21:35:57.449Z     1         57 dns:www.tuulberg.ee P http://www.tuulberg.ee/ text/dns #020 20140508213557355+94 sha1:R3P6AQG5DGJEO4U2SY6ZDN4P3QU2J3K5 - content-size:57
2014-05-08T21:35:57.451Z     1         56 dns:www.ilusaadik.ee P http://www.ilusaadik.ee/ text/dns #014 20140508213557395+55 sha1:XEE55BD3FPWQZQDFFONWCGKPFHKI57K3 - content-size:56
2014-05-08T21:35:57.452Z     1         56 dns:www.catapult.ee P http://www.catapult.ee/ text/dns #009 20140508213557409+42 sha1:YIDDPN2YKYASAQLGGLROERAANOCQIWTR - content-size:56
2014-05-08T21:35:57.462Z     1         53 dns:www.fountain.ee P http://www.fountain.ee/ text/dns #031 20140508213557323+138 sha1:2OSUTQAW6S3TT45NRLF6EYZ7R3FCOAJL - content-size:53
2014-05-08T21:35:57.462Z     1         55 dns:www.vitaservis.ee P http://www.vitaservis.ee/ text/dns #002 20140508213557369+93 sha1:32I4G4CQEVGPLDOJ7WBJTPGBAA6ZSV3D - content-size:55
2014-05-08T21:35:57.463Z     1         58 dns:www.comtour.ee P http://www.comtour.ee/ text/dns #028 20140508213557379+83 sha1:76AM4BV5VYXBDF6VFKNALGBBKX5A7YSE - content-size:58
2014-05-08T21:35:57.466Z     1         56 dns:www.maamt.ee P http://www.maamt.ee/ text/dns #021 20140508213557419+46 sha1:C23U5NVCOBY5XY34WR6WEOFS34D44IQL - content-size:56
2014-05-08T21:35:57.467Z     1         60 dns:www.christiansen.ee P http://www.christiansen.ee/ text/dns #047 20140508213557367+100 sha1:JGUNOTSXCAPR6ACXYFUCLQXILCCWW4O2 - content-size:60
2014-05-08T21:35:57.469Z     1         53 dns:www.verska.ee P http://www.verska.ee/ text/dns #041 20140508213557344+125 sha1:L3UYDAOQ5J7KTMIQCQKAGUE7MQHEROKS - content-size:53
2014-05-08T21:35:57.483Z     1         53 dns:www.callefiks.ee P http://www.callefiks.ee/ text/dns #040 20140508213557345+137 sha1:L4JJJAGEL5PP3B72TCCH4FCDGOOS66NL - content-size:53
2014-05-08T21:35:57.484Z     1         51 dns:www.kodeero.ee P http://www.kodeero.ee/ text/dns #048 20140508213557384+100 sha1:YI3FCT3S47GGDY5LZCI6U4HYCBKC7VPB - content-size:51
2014-05-08T21:35:57.486Z     1         52 dns:www.pesumaja.ee P http://www.pesumaja.ee/ text/dns #045 20140508213557342+143 sha1:TMYYDXYM2SYQUDAYH6EALLKOMWMGGHMK - content-size:52
2014-05-08T21:35:57.487Z     1         55 dns:www.tolge24.ee P http://www.tolge24.ee/ text/dns #017 20140508213557387+99 sha1:VAQTBARZDVV2LM2IZUL56JL6PKGNO4O2 - content-size:55
2014-05-08T21:35:57.489Z     1         64 dns:www.kauksipuhkemaja.ee P http://www.kauksipuhkemaja.ee/ text/dns #007 20140508213557433+55 sha1:JE5OTUMUKRZZW24GZFFPQRMZHXKYH2Q4 - content-size:64
2014-05-08T21:35:57.489Z     1         57 dns:www.perfetto.ee P http://www.perfetto.ee/ text/dns #030 20140508213557407+81 sha1:626DIB56GP6DI6YOVSGBARUX44H2CDPW - content-size:57
2014-05-08T21:35:57.491Z     1         61 dns:www.koongatehno.ee P http://www.koongatehno.ee/ text/dns #035 20140508213557399+91 sha1:FPCVP5GB3ZJGY4ZVICMO4EXZZL5XVPKD - content-size:61
2014-05-08T21:35:57.493Z     1         50 dns:www.temtec.ee P http://www.temtec.ee/ text/dns #006 20140508213557405+87 sha1:FA4KJK5BEKUFKOQGEYSAITD4OBILSYMY - content-size:50
2014-05-08T21:35:57.507Z     1         50 dns:www.ghcoin.ee P http://www.ghcoin.ee/ text/dns #018 20140508213557406+100 sha1:OX4IXPUOZ26SRL5JOH7NKLJKNQBYUUE5 - content-size:50
2014-05-08T21:35:57.507Z     1         56 dns:www.hibicus.ee P http://www.hibicus.ee/ text/dns #032 20140508213557348+158 sha1:ZEFSTQGZ6FF4BFVR5LMQA753DMZOHGXI - content-size:56
2014-05-08T21:35:57.508Z     1         52 dns:www.famino.ee P http://www.famino.ee/ text/dns #042 20140508213557432+75 sha1:LDQBMVGBLOK4UZYQOKPYICE55YSIFKYA - content-size:52
2014-05-08T21:35:57.513Z     1         51 dns:www.mectus.ee P http://www.mectus.ee/ text/dns #024 20140508213557362+151 sha1:IPGYXCEEZRHHWLJ6QFQDN7GZQV5V27UC - content-size:51
2014-05-08T21:35:57.513Z     1         64 dns:www.sobrakinnisvara.ee P http://www.sobrakinnisvara.ee/ text/dns #008 20140508213557412+101 sha1:A642EJVEMZWPH4MCQQO2UZCDWUBBFQP4 - content-size:64
2014-05-08T21:35:57.520Z     1         53 dns:www.rewalski.ee P http://www.rewalski.ee/ text/dns #036 20140508213557381+138 sha1:ZCFTSQJHADC3KNFK6U4WLSBGSEOJCK4B - content-size:53
2014-05-08T21:35:57.520Z     1         57 dns:www.timesystem.ee P http://www.timesystem.ee/ text/dns #044 20140508213557358+161 sha1:JCTKYNMVM53ZJQAANUD2RYHSNU7RAPB3 - content-size:57
2014-05-08T21:35:57.520Z     1         53 dns:www.onetor.ee P http://www.onetor.ee/ text/dns #001 20140508213557368+152 sha1:JCWGYJ7XGWOBZ5FSFZ4XHUBL7CUHLVMG - content-size:53
2014-05-08T21:35:57.528Z     1         57 dns:www.hobusekasvandus.ee P http://www.hobusekasvandus.ee/ text/dns #012 20140508213557411+117 sha1:CTXYYLXWRVEWHBPNIDYERJWPHVFGYXXT - content-size:57
2014-05-08T21:35:57.530Z     1         61 dns:www.andrew.ee P http://www.andrew.ee/ text/dns #049 20140508213557403+126 sha1:7WWBMPK7J6YPVZMTGIWTOQQTCXNLI4VX - content-size:61
2014-05-08T21:35:57.539Z     1         61 dns:www.laserclinic.ee P http://www.laserclinic.ee/ text/dns #017 20140508213557492+46 sha1:UMMOJCQPHJR75AVDFYRL4AGWQVZEOC3K - content-size:61
2014-05-08T21:35:57.545Z     1         55 dns:www.vahekohus.ee P http://www.vahekohus.ee/ text/dns #050 20140508213557449+95 sha1:OPIG4COJUBLWW6ULNV4ZXUGBQDKJNDGB - content-size:55
2014-05-08T21:35:57.545Z     1         48 dns:www.jats.ee P http://www.jats.ee/ text/dns #026 20140508213557410+134 sha1:5AUSINFCDZMVWB3IEE6UVSCAYNVHJ7UO - content-size:48
2014-05-08T21:35:57.548Z     1         60 dns:www.kirjastuskentaur.ee P http://www.kirjastuskentaur.ee/ text/dns #039 20140508213557447+101 sha1:KD3ARTRS3EAXDB57RBQL7LX6L6YA2G5G - content-size:60
2014-05-08T21:35:57.562Z     1         52 dns:www.alfabeta.ee P http://www.alfabeta.ee/ text/dns #014 20140508213557455+107 sha1:VXRIUULDUTDRUZTGHDIBIJILFYUCZ7DP - content-size:52
2014-05-08T21:35:57.574Z     1         53 dns:www.klassika.ee P http://www.klassika.ee/ text/dns #019 20140508213557420+153 sha1:6CSGTCKV2YNYMA3PVT37IZ5OX263P7KB - content-size:53
2014-05-08T21:35:57.580Z     1         61 dns:www.hansauuringud.ee P http://www.hansauuringud.ee/ text/dns #010 20140508213557363+216 sha1:CPUO6SR3OSMWIOAVYX2VPS2MJXKTAMD3 - content-size:61
2014-05-08T21:35:57.580Z     1         57 dns:www.akrestid.ee P http://www.akrestid.ee/ text/dns #041 20140508213557473+106 sha1:TU2TJJW2BNBLFKNHHZBCW7JL6V3CQP7P - content-size:57
2014-05-08T21:35:57.581Z     1         56 dns:www.a-autokile.ee P http://www.a-autokile.ee/ text/dns #009 20140508213557526+55 sha1:XEE55BD3FPWQZQDFFONWCGKPFHKI57K3 - content-size:56
2014-05-08T21:35:57.590Z     1         51 dns:www.veinid.ee P http://www.veinid.ee/ text/dns #021 20140508213557483+106 sha1:F2ZF7YMMHKOFM5NEEZ7ZVVV7SCLDZUM4 - content-size:51
2014-05-08T21:35:57.595Z     1         60 dns:www.metsakontor.ee P http://www.metsakontor.ee/ text/dns #035 20140508213557519+76 sha1:E4QIM57ZTG2NN6722GCS7D7UXLXIEUSU - content-size:60
2014-05-08T21:35:57.602Z     1         56 dns:www.acr.ee P http://www.acr.ee/ text/dns #002 20140508213557495+106 sha1:XEE55BD3FPWQZQDFFONWCGKPFHKI57K3 - content-size:56
2014-05-08T21:35:57.603Z     1         54 dns:www.hobekivi.ee P http://www.hobekivi.ee/ text/dns #030 20140508213557529+74 sha1:B5DY5E6MJ4PDLTAGNZUJUT7ZIACI53JS - content-size:54
2014-05-08T21:35:57.605Z     1         52 dns:www.geogrupp.ee P http://www.geogrupp.ee/ text/dns #020 20140508213557453+151 sha1:WLUPGHQROUJJOG7PZAQDBOB4OJOFJVOX - content-size:52
2014-05-08T21:35:57.605Z     1         56 dns:www.aksiaal.ee P http://www.aksiaal.ee/ text/dns #042 20140508213557511+94 sha1:XEE55BD3FPWQZQDFFONWCGKPFHKI57K3 - content-size:56
2014-05-08T21:35:57.615Z     1         56 dns:www.iivakivi.ee P http://www.iivakivi.ee/ text/dns #031 20140508213557516+98 sha1:XEE55BD3FPWQZQDFFONWCGKPFHKI57K3 - content-size:56
2014-05-08T21:35:57.615Z     1         56 dns:www.vagodent.ee P http://www.vagodent.ee/ text/dns #045 20140508213557561+53 sha1:XEE55BD3FPWQZQDFFONWCGKPFHKI57K3 - content-size:56
2014-05-08T21:35:57.617Z     1         55 dns:www.asaptravel.ee P http://www.asaptravel.ee/ text/dns #047 20140508213557475+141 sha1:JPPHCR5IJ256RA3S3A5L3CKQZUXTMLUF - content-size:55
2014-05-08T21:35:57.618Z     1         59 dns:www.treamplast.ee P http://www.treamplast.ee/ text/dns #025 20140508213557539+79 sha1:GHVPPPFJYT7RXXHRLHD2VUGUKUXGGZKA - content-size:59
2014-05-08T21:35:57.619Z     1         47 dns:www.le.ee P http://www.le.ee/ text/dns #032 20140508213557522+96 sha1:V2SJCLO2PGMYG27EBN4NHC327LCNCBKU - content-size:47
2014-05-08T21:35:57.620Z     1         56 dns:www.monaro.ee P http://www.monaro.ee/ text/dns #014 20140508213557565+55 sha1:QA4EKRU27PV2N5JL7GQFTTAAYUDOYEOO - content-size:56
2014-05-08T21:35:57.622Z     1         60 dns:www.kekiehitus.ee P http://www.kekiehitus.ee/ text/dns #036 20140508213557528+94 sha1:3N2H4PMPIEEUDYR7BB5ZJBWHJWWJCY36 - content-size:60
2014-05-08T21:35:57.629Z     1         56 dns:www.remedia.ee P http://www.remedia.ee/ text/dns #033 20140508213557436+192 sha1:AKY5BOT76E4BOZRLSQIJZBLXKPE3MYAJ - content-size:56
2014-05-08T21:35:57.633Z     1         60 dns:www.korstnamees.ee P http://www.korstnamees.ee/ text/dns #044 20140508213557532+100 sha1:RPYOFLQTGEQVND7W5U2OEJU57TL373TY - content-size:60
2014-05-08T21:35:57.638Z     1         57 dns:www.presenter.ee P http://www.presenter.ee/ text/dns #049 20140508213557543+94 sha1:H2AZKPHGEW5NQ56WHQ5CEPYHPI66DOTN - content-size:57
2014-05-08T21:35:57.641Z     1         53 dns:www.solaarium.ee P http://www.solaarium.ee/ text/dns #038 20140508213557541+100 sha1:ERPXMHCKPIH4D6QXAFXGDEAZW6G2PZBG - content-size:53
2014-05-08T21:35:57.642Z     1         56 dns:www.shemalan.ee P http://www.shemalan.ee/ text/dns #009 20140508213557587+54 sha1:XEE55BD3FPWQZQDFFONWCGKPFHKI57K3 - content-size:56
2014-05-08T21:35:57.644Z     1         50 dns:www.eera.ee P http://www.eera.ee/ text/dns #031 20140508213557617+26 sha1:OXP5UVM3BBW64TYQNCV2S4GSNSXKGC6L - content-size:50
2014-05-08T21:35:57.644Z     1         57 dns:www.stiigen.ee P http://www.stiigen.ee/ text/dns #039 20140508213557551+92 sha1:FSG762A5BHPDPZNWYBQ5ZBCKDOR7FCYZ - content-size:57
2014-05-08T21:35:57.649Z     1         54 dns:www.europe.ee P http://www.europe.ee/ text/dns #011 20140508213557592+56 sha1:XJUT4KYAXLWYJVZIBOUVRDIE6O7ZPQNF - content-size:54
2014-05-08T21:35:57.652Z     1         54 dns:www.atlassegud.ee P http://www.atlassegud.ee/ text/dns #026 20140508213557553+98 sha1:AUKUU6SBJAXLHDWI7RNY2NYQKNQMKBRZ - content-size:54
2014-05-08T21:35:57.654Z     1         58 dns:www.plaadiexpert.ee P http://www.plaadiexpert.ee/ text/dns #001 20140508213557525+128 sha1:47VBBMURDVNCLSDM3OQKCGCJQIZHB3L4 - content-size:58
2014-05-08T21:35:57.654Z     1         54 dns:www.grandprix.ee P http://www.grandprix.ee/ text/dns #007 20140508213557519+134 sha1:GC7SJQFMB5CXODVSSQWJW7QWOC3YEBGO - content-size:54
2014-05-08T21:35:57.656Z     1         53 dns:www.revaler.ee P http://www.revaler.ee/ text/dns #024 20140508213557517+136 sha1:OY2XIHUVYBZ5LGRJ5OH2AMYJ7NO5ZBYF - content-size:53
2014-05-08T21:35:57.656Z     1         54 dns:www.megastar.ee P http://www.megastar.ee/ text/dns #006 20140508213557517+138 sha1:G2NZOYP2TMYAXKUD3QOCC6TI3GSUZS6T - content-size:54
2014-05-08T21:35:57.657Z     1         56 dns:www.linefilm.ee P http://www.linefilm.ee/ text/dns #019 20140508213557579+78 sha1:VZ2XV4GOIL2QVWCGOIGGXFA3G3DTMCHS - content-size:56
2014-05-08T21:35:57.658Z     1         47 dns:www.vestnik.ee P http://www.vestnik.ee/ text/dns #012 20140508213557543+114 sha1:73SFW5B6IPBJVJAZJQ2W47CQDEFDHFXB - content-size:47
2014-05-08T21:35:57.670Z     1         61 dns:www.keevituskoda.ee P http://www.keevituskoda.ee/ text/dns #045 20140508213557629+41 sha1:ZQ5CP2PSN47LHVBQHFVCANTSCHJHAEQQ - content-size:61
2014-05-08T21:35:57.674Z     1         52 dns:www.kutimuti.ee P http://www.kutimuti.ee/ text/dns #017 20140508213557543+130 sha1:Q2YS4WEDG5YRQ6PJABBK4QPKNI24B5KK - content-size:52
2014-05-08T21:35:57.678Z     1         61 dns:www.kodukoristus.ee P http://www.kodukoristus.ee/ text/dns #032 20140508213557636+41 sha1:TWSEFDPZMWYH5UWOSHJRSHCGDWMXVGR4 - content-size:61
2014-05-08T21:35:57.695Z     1         57 dns:www.12tooli.ee P http://www.12tooli.ee/ text/dns #041 20140508213557586+108 sha1:CFLYE6ZJJIZU3BJJKUZ74AB4MLUJUKYY - content-size:57
2014-05-08T21:35:57.699Z     1         54 dns:www.comodus.ee P http://www.comodus.ee/ text/dns #030 20140508213557611+87 sha1:G72H2WMZTHUJQV3OH4M2ZPT22O6CKFBD - content-size:54
2014-05-08T21:35:57.712Z     1         51 dns:www.dmgauto.ee P http://www.dmgauto.ee/ text/dns #048 20140508213557617+94 sha1:EPLF675IMIG5U4UBF7MJRGMTCYZT5CUH - content-size:51
2014-05-08T21:35:57.718Z     1         58 dns:www.economyhotel.ee P http://www.economyhotel.ee/ text/dns #014 20140508213557630+88 sha1:5VJ4NMJPVDYHIRDMLJRGQJCXP7WRAC3K - content-size:58
2014-05-08T21:35:57.727Z     1         51 dns:www.nordmet.ee P http://www.nordmet.ee/ text/dns #010 20140508213557583+142 sha1:MQASBIBPKHAKJ3GYSVDDEEHIZR7M2SVL - content-size:51
2014-05-08T21:35:57.729Z     1         52 dns:www.vianova.ee P http://www.vianova.ee/ text/dns #036 20140508213557626+101 sha1:V3JUKPP4MXJU6M2VM2ENI7H6CBM5E5RR - content-size:52
2014-05-08T21:35:57.734Z     1         55 dns:www.rehvid24.ee P http://www.rehvid24.ee/ text/dns #009 20140508213557651+82 sha1:JVZ6CK623GQC7GNZIZ344PW7PE7454EA - content-size:55
2014-05-08T21:35:57.744Z     1         58 dns:www.virutrans.ee P http://www.virutrans.ee/ text/dns #006 20140508213557660+82 sha1:UJFHSYG2MUW5RPYBSHAGR6XHIVWJKBYI - content-size:58
2014-05-08T21:35:57.746Z     1         51 dns:www.abcom.ee P http://www.abcom.ee/ text/dns #042 20140508213557608+137 sha1:XRRCZCGLKBYJJLDBAUNRLF4UKHPOZKAV - content-size:51
2014-05-08T21:35:57.754Z     1         59 dns:www.laviniita.ee P http://www.laviniita.ee/ text/dns #025 20140508213557660+93 sha1:KZOODIN6SLQDDVTU3RIHP5GLWRUHSU5E - content-size:59
2014-05-08T21:35:57.755Z     1         56 dns:www.tormisdisain.ee P http://www.tormisdisain.ee/ text/dns #002 20140508213557606+148 sha1:AOTA6ECOYESFTBG4DZUC4FOJUNSE62UM - content-size:56
2014-05-08T21:35:57.760Z     1         55 dns:www.artes.ee P http://www.artes.ee/ text/dns #007 20140508213557666+93 sha1:CY676BJNP3ZFUKEQ4OP6CHZ7FRZQCSEB - content-size:55
2014-05-08T21:35:57.761Z     1         56 dns:www.tennoautokool.ee P http://www.tennoautokool.ee/ text/dns #033 20140508213557648+112 sha1:OELZ3IZO5GSRVRJUFNIKJXDNBRGXC6IV - content-size:56
2014-05-08T21:35:57.762Z     1         53 dns:www.nakmansat.ee P http://www.nakmansat.ee/ text/dns #021 20140508213557605+157 sha1:EU47F5OMS3HU4HSVGQQUK7MAHNGAZCFP - content-size:53
2014-05-08T21:35:57.764Z     1         53 dns:www.raidmets.ee P http://www.raidmets.ee/ text/dns #012 20140508213557662+102 sha1:3M4IX7MCKNOLTOHRFEARIDPD62XRDS7S - content-size:53
2014-05-08T21:35:57.766Z     1         50 dns:www.duende.ee P http://www.duende.ee/ text/dns #047 20140508213557621+144 sha1:K4WL4LEKGXZT4FXP4XVPIA5Q4CSNP4NZ - content-size:50
2014-05-08T21:35:57.767Z     1         54 dns:www.tuuljakodu.ee P http://www.tuuljakodu.ee/ text/dns #019 20140508213557661+105 sha1:YDSZFC5FNKNIGIPN4VFCBNYQSRF64LL7 - content-size:54
2014-05-08T21:35:57.769Z     1         57 dns:www.venuskv.ee P http://www.venuskv.ee/ text/dns #044 20140508213557667+101 sha1:32M4EGCWNMAAXTZQBQWS46TCLAAAT3W7 - content-size:57
2014-05-08T21:35:57.781Z   404         15 http://www.novarfm.ee/robots.txt P http://www.novarfm.ee/ text/html #032 20140508213557680+99 sha1:4L3RPEE4BKAEZW476GZR3W7AFWNDNCUK - content-size:180
2014-05-08T21:35:57.784Z   200       1561 http://www.utu.ee/robots.txt P http://www.utu.ee/ text/plain #030 20140508213557701+82 sha1:ONMDDIRORSASBJMJHPGVPM5WANE5MQNO - content-size:1774
2014-05-08T21:35:57.784Z   404        162 http://www.latio.ee/robots.txt P http://www.latio.ee/ text/html #004 20140508213557692+82 sha1:TFF4MZ3SBQQSK5IA4KIDRQNF6YPCLWQ6 - content-size:305
2014-05-08T21:35:57.785Z   404        162 http://www.rigonda.ee/robots.txt P http://www.rigonda.ee/ text/html #041 20140508213557696+78 sha1:TFF4MZ3SBQQSK5IA4KIDRQNF6YPCLWQ6 - content-size:305
2014-05-08T21:35:57.789Z   301        241 http://www.wavecom.ee/robots.txt P http://www.wavecom.ee/ text/html #013 20140508213557695+81 sha1:PXMTLLBZKTRMPPDIFNRUTUG2JTFZLBML - content-size:458
2014-05-08T21:35:57.789Z     1         54 dns:www.rantell.ee P http://www.rantell.ee/ text/dns #034 20140508213557665+123 sha1:C6FCP2MEPYQ64TBC5QB7TMCG72J5YVDE - content-size:54
2014-05-08T21:35:57.795Z   200        319 http://www.kennelklubi.ee/robots.txt P http://www.kennelklubi.ee/ text/plain #017 20140508213557675+119 sha1:KE7NEFHYLOQJDC2INE6NHKJVKR5ECCHF - content-size:681
2014-05-08T21:35:57.803Z     1         52 dns:www.mametal.ee P http://www.mametal.ee/ text/dns #031 20140508213557649+153 sha1:XSUGNGCGY5LV7SUH53OWL3YIPCBMIYCN - content-size:52
2014-05-08T21:35:57.807Z   301        311 http://www.aatrium.ee/robots.txt P http://www.aatrium.ee/ text/html #027 20140508213557705+95 sha1:GEULIHAQDRHU3PMQ63N32LGPC52UMEWK - content-size:534
2014-05-08T21:35:57.807Z     1         54 dns:www.liising.ee P http://www.liising.ee/ text/dns #024 20140508213557662+145 sha1:JL5UWEU5N6V2TB5554Z3LJHHFZXOB2H2 - content-size:54
2014-05-08T21:35:57.807Z   403       3282 http://www.pyramiidbaar.ee/robots.txt P http://www.pyramiidbaar.ee/ text/html #005 20140508213557680+116 sha1:Y35LK4LRQYHJ2QVRCE4SFA5S3S6CJAMW - content-size:3607
2014-05-08T21:35:57.808Z     1         50 dns:www.marli.ee P http://www.marli.ee/ text/dns #049 20140508213557666+141 sha1:7SG5KMSFJBDU4H5IIT6T2DUJJPOPKFXY - content-size:50
2014-05-08T21:35:57.809Z     1         49 dns:www.maag.ee P http://www.maag.ee/ text/dns #039 20140508213557648+158 sha1:V257RU5YLGL6EGSKFRNHU33ZWOLVTKXG - content-size:49
2014-05-08T21:35:57.810Z   404        389 http://www.nrt.ee/robots.txt P http://www.nrt.ee/ text/html #014 20140508213557720+86 sha1:V443L5PFGHZCRP7UJSVJPY3NMSNFHS6Y - content-size:555
2014-05-08T21:35:57.814Z     1         55 dns:www.alusehitus.ee P http://www.alusehitus.ee/ text/dns #001 20140508213557666+148 sha1:362IXX36MLBOGL3AGVUY4SGO3D4PBBXU - content-size:55
2014-05-08T21:35:57.824Z   200          0 http://www.torulill.ee/robots.txt P http://www.torulill.ee/ text/plain #010 20140508213557729+95 sha1:3I42H3S6NNFQ2MSVX7XZKYAYSCX5QBYJ - content-size:248
2014-05-08T21:35:57.833Z   200         64 http://www.siland.ee/robots.txt P http://www.siland.ee/ text/plain #009 20140508213557737+96 sha1:JJOTOZIG7VIHCNRUZIL6PLX33C5JFWB4 - content-size:392
2014-05-08T21:35:57.840Z   200        304 http://www.kaunis.ee/robots.txt P http://www.kaunis.ee/ text/plain #044 20140508213557771+69 sha1:QAHE2KNIBK75BLV3YD5EADQ3BWCNYADO - content-size:510
2014-05-08T21:35:57.840Z   404        327 http://www.telemeediapartnerid.ee/robots.txt P http://www.telemeediapartnerid.ee/ text/html #002 20140508213557758+81 sha1:GJ4PM5ZKJOVPBEQEHZ4JV46OIE2FXNKG - content-size:491
2014-05-08T21:35:57.842Z   200          0 http://www.merirahu.ee/robots.txt P http://www.merirahu.ee/ text/plain #016 20140508213557748+93 sha1:3I42H3S6NNFQ2MSVX7XZKYAYSCX5QBYJ - content-size:248
2014-05-08T21:35:57.849Z   200         94 http://www.segakoorroom.ee/robots.txt P http://www.segakoorroom.ee/ text/plain #025 20140508213557757+91 sha1:TMWRIQPFXZGAHNAFU4VIEF7CU2LPY4PB - content-size:370
2014-05-08T21:35:57.855Z   200         23 http://www.vitale.ee/robots.txt P http://www.vitale.ee/ text/plain #003 20140508213557758+97 sha1:MWMQEVVW5PQBJHMO37FOG4TUW2XT4QVO - content-size:273
2014-05-08T21:35:57.855Z   404        281 http://www.dmc.ee/robots.txt P http://www.dmc.ee/ text/html #032 20140508213557784+70 sha1:TTXMPA45ZHBQ6UYTMT7QTF5Q7E7PHRLJ - content-size:444
2014-05-08T21:35:57.860Z   404        286 http://www.vesiehitus.ee/robots.txt P http://www.vesiehitus.ee/ text/html #033 20140508213557764+95 sha1:OY34BQZJOILQOSCOXKH3BAI3EYJ4Y27N - content-size:461
2014-05-08T21:35:57.867Z   200        128 http://www.kasitoojaam.ee/robots.txt P http://www.kasitoojaam.ee/ text/plain #021 20140508213557764+102 sha1:XFXQ4LIKAGF6I3FMRJH32N7KNUQI65U4 - content-size:478
2014-05-08T21:35:57.871Z   404        204 http://www.vehklemine.ee/robots.txt P http://www.vehklemine.ee/ text/html #047 20140508213557768+102 sha1:Z6EQWZKH5VW7CVKN7PZ6FISLVU7EKQFC - content-size:451
2014-05-08T21:35:57.871Z   404        867 http://www.mentor.ee/robots.txt P http://www.mentor.ee/ text/html #019 20140508213557769+100 sha1:HFKRS6MADC72MBSBPLDK5MUZBAOERPAE - content-size:1151
2014-05-08T21:35:57.877Z   200         44 http://www.taksoliit.ee/robots.txt P http://www.taksoliit.ee/ text/plain #049 20140508213557809+67 sha1:636UX7ABAGNYJGRXTDBWYH7IVULF4JAO - content-size:269
2014-05-08T21:35:57.883Z   404        287 http://www.inhouse.ee/robots.txt P http://www.inhouse.ee/ text/html #004 20140508213557787+95 sha1:YRAZMWOEBNDNN23JQFISYQSJIHO5ZJF5 - content-size:466
2014-05-08T21:35:57.885Z   404        312 http://www.allecto.ee/robots.txt P http://www.allecto.ee/ text/html #041 20140508213557788+94 sha1:ZUYZYES26UDR3RISKMQPZ4LRKFS26EPS - content-size:476
2014-05-08T21:35:57.887Z   404       2162 http://www.toonkile.ee/robots.txt P http://www.toonkile.ee/ text/html #013 20140508213557792+94 sha1:O3DV74FTK3Y4P2JUR7CYILPZGREJSYEI - content-size:2479
2014-05-08T21:35:57.889Z   404        276 http://www.phpalmse.ee/robots.txt P http://www.phpalmse.ee/ text/html #008 20140508213557819+69 sha1:GP3AOX5J3PPJABTS6OEULZIN6FL4L546 - content-size:477
2014-05-08T21:35:57.891Z   200        304 http://www.veagles.ee/robots.txt P http://www.veagles.ee/ text/plain #024 20140508213557809+81 sha1:QAHE2KNIBK75BLV3YD5EADQ3BWCNYADO - content-size:582
2014-05-08T21:35:57.891Z   404         15 http://www.westbaltimpex.ee/robots.txt P http://www.westbaltimpex.ee/ text/html #018 20140508213557818+72 sha1:4L3RPEE4BKAEZW476GZR3W7AFWNDNCUK - content-size:180
2014-05-08T21:35:57.891Z   200         26 http://www.teabeamet.ee/robots.txt P http://www.teabeamet.ee/ text/plain #034 20140508213557792+99 sha1:MNSXZO35OCDMK2YM2TS4NGM3W2BWMSDI - content-size:311
2014-05-08T21:35:57.906Z   404        327 http://www.aksalis.ee/robots.txt P http://www.aksalis.ee/ text/html #017 20140508213557797+108 sha1:GJ4PM5ZKJOVPBEQEHZ4JV46OIE2FXNKG - content-size:560
2014-05-08T21:35:57.906Z   200        304 http://www.saueautoklubi.ee/robots.txt P http://www.saueautoklubi.ee/ text/plain #014 20140508213557811+94 sha1:QAHE2KNIBK75BLV3YD5EADQ3BWCNYADO - content-size:583
2014-05-08T21:35:57.915Z   301        185 http://www.gustavsberg.ee/robots.txt P http://www.gustavsberg.ee/ text/html #008 20140508213557890+22 sha1:TE7GNHWTWLAGE5MNXHEO5IS25LUUJSDJ - content-size:385
2014-05-08T21:35:57.931Z     1         52 dns:www.trives.ee P http://www.trives.ee/ text/dns #046 20140508213557589+341 sha1:ARGYGOIYQU4CRUKUI37B7OQF7GHLM5BV - content-size:52
2014-05-08T21:35:57.935Z   302          0 http://www.krausberg.ee/robots.txt P http://www.krausberg.ee/ text/html #030 20140508213557787+147 sha1:3I42H3S6NNFQ2MSVX7XZKYAYSCX5QBYJ - content-size:269
2014-05-08T21:35:57.936Z   404        334 http://www.vermoland.ee/robots.txt P http://www.vermoland.ee/ text/html #003 20140508213557863+72 sha1:E7X3ULYVJYBWIYIYEHKF7ZVW2KAKMTBK - content-size:558
2014-05-08T21:35:57.943Z   200        304 http://www.katusetark.ee/robots.txt P http://www.katusetark.ee/ text/plain #016 20140508213557848+94 sha1:QAHE2KNIBK75BLV3YD5EADQ3BWCNYADO - content-size:556
2014-05-08T21:35:57.943Z   200         35 http://www.rln.ee/robots.txt P http://www.rln.ee/ text/plain #009 20140508213557835+108 sha1:RVWKWZQ4QII7JCSP5YHQTIP52OWAUFZG - content-size:394
2014-05-08T21:35:57.944Z   200        304 http://www.kantberg.ee/robots.txt P http://www.kantberg.ee/ text/plain #044 20140508213557842+101 sha1:QAHE2KNIBK75BLV3YD5EADQ3BWCNYADO - content-size:614
2014-05-08T21:35:57.953Z   404       6412 http://www.omaauto.ee/robots.txt P http://www.omaauto.ee/ text/html #006 20140508213557753+192 sha1:BEPNNIF6DZ2AOWC2GFEGBFFX32Z2CDTX - content-size:6626
2014-05-08T21:35:57.955Z   404        285 http://www.lastetuba.ee/robots.txt P http://www.lastetuba.ee/ text/html #040 20140508213557860+95 sha1:Q26LQW5YMTUKV3LHCR353Q2VDW2ZOZE6 - content-size:460
2014-05-08T21:35:57.961Z   404         15 http://www.throof.ee/robots.txt P http://www.throof.ee/ text/html #013 20140508213557889+71 sha1:4L3RPEE4BKAEZW476GZR3W7AFWNDNCUK - content-size:180
2014-05-08T21:35:57.964Z   404         15 http://www.jux.ee/robots.txt P http://www.jux.ee/ text/html #034 20140508213557893+70 sha1:4L3RPEE4BKAEZW476GZR3W7AFWNDNCUK - content-size:180
2014-05-08T21:35:57.968Z   404         15 http://www.touk.ee/robots.txt P http://www.touk.ee/ text/html #024 20140508213557893+74 sha1:4L3RPEE4BKAEZW476GZR3W7AFWNDNCUK - content-size:180
2014-05-08T21:35:57.968Z   404         15 http://www.sisustuskoda.ee/robots.txt P http://www.sisustuskoda.ee/ text/html #018 20140508213557893+75 sha1:4L3RPEE4BKAEZW476GZR3W7AFWNDNCUK - content-size:180
2014-05-08T21:35:57.971Z   404       6412 http://www.hugowel.ee/robots.txt P http://www.hugowel.ee/ text/html #036 20140508213557731+233 sha1:LLHJ33G2ANCSB6XCGTAWNLKDTE6KBYQD - content-size:6626
2014-05-08T21:35:57.974Z   302          0 http://www.statam.ee/robots.txt P http://www.statam.ee/ text/html #027 20140508213557809+163 sha1:3I42H3S6NNFQ2MSVX7XZKYAYSCX5QBYJ - content-size:190
2014-05-08T21:35:57.982Z   404        312 http://www.dbweb.ee/robots.txt P http://www.dbweb.ee/ text/html #041 20140508213557887+94 sha1:TFUX2J27ISB6N5Y6YBEBAGSUUUFUAWQJ - content-size:518
2014-05-08T21:35:57.982Z   404        285 http://www.saarepaat.ee/robots.txt P http://www.saarepaat.ee/ text/html #021 20140508213557888+94 sha1:F3RHX2KCTR5TNHTPBOU5V3VJXJQADLQ5 - content-size:460
2014-05-08T21:35:57.984Z   200        286 http://www.tevia.ee/robots.txt P http://www.tevia.ee/ text/plain #020 20140508213557889+94 sha1:IUMZJYTRMSLJ3N6BMSHX2H4ZMKKAMVOQ - content-size:537
2014-05-08T21:35:57.988Z   404        269 http://www.tial.ee/robots.txt P http://www.tial.ee/ text/html #047 20140508213557875+112 sha1:6GUOM4AHDW6BISO2JFBBQQITQ5MKDNU6 - content-size:433
2014-05-08T21:35:57.990Z   200          0 http://www.hotelking.ee/robots.txt P http://www.hotelking.ee/ text/plain #050 20140508213557909+81 sha1:3I42H3S6NNFQ2MSVX7XZKYAYSCX5QBYJ - content-size:301
2014-05-08T21:35:57.999Z   200        244 http://www.pesa24.ee/robots.txt P http://www.pesa24.ee/ text/plain #004 20140508213557885+114 sha1:UJ2WVO5VD7K4MXKU4CTYBSIZZMI7S5YP - content-size:670
2014-05-08T21:35:58.000Z   200         59 http://www.coffeein.ee/robots.txt P http://www.coffeein.ee/ text/plain #029 20140508213557751+248 sha1:4JATDZGQWECZ3XNVVBVH6IXOJRHJFYEW - content-size:483
2014-05-08T21:35:58.000Z   404        327 http://www.directormeedia.ee/robots.txt P http://www.directormeedia.ee/ text/html #038 20140508213557881+118 sha1:GJ4PM5ZKJOVPBEQEHZ4JV46OIE2FXNKG - content-size:491
2014-05-08T21:35:58.007Z   404        162 http://www.lobster.ee/robots.txt P http://www.lobster.ee/ text/html #017 20140508213557907+100 sha1:TFF4MZ3SBQQSK5IA4KIDRQNF6YPCLWQ6 - content-size:328
2014-05-08T21:35:58.013Z   200        865 http://www.firest-consult.ee/robots.txt P http://www.firest-consult.ee/ text/plain #008 20140508213557917+95 sha1:T37DBG3MLBTFRXRKFZH64477QBZFCLTA - content-size:1175
2014-05-08T21:35:58.015Z   200         94 http://www.abviimistluskaubad.ee/robots.txt P http://www.abviimistluskaubad.ee/ text/plain #016 20140508213557944+70 sha1:TMWRIQPFXZGAHNAFU4VIEF7CU2LPY4PB - content-size:370
